[2024-06-28 13:31:40,124] multiqc                                            [DEBUG  ]  This is MultiQC v1.14
[2024-06-28 13:31:40,124] multiqc                                            [DEBUG  ]  Command used: /Users/katherine.silliman/miniconda3/envs/multiqc/bin/multiqc test_mifish_pe_man-samples/trimmed/fastqc_R2 --export -n multiqc_report_R2 -o test_mifish_pe_man-samples/trimmed/fastqc_R2
[2024-06-28 13:31:40,911] multiqc                                            [WARNING]  MultiQC Version v1.22.3 now available!
[2024-06-28 13:31:40,912] multiqc                                            [DEBUG  ]  Working dir : /Users/katherine.silliman/Projects/NOAA/tourmaline-dev/v2-tourmaline/tourmaline
[2024-06-28 13:31:40,912] multiqc                                            [DEBUG  ]  Template    : default
[2024-06-28 13:31:40,912] multiqc                                            [DEBUG  ]  Running Python 3.11.0 | packaged by conda-forge | (main, Jan 15 2023, 05:44:48) [Clang 14.0.6 ]
[2024-06-28 13:31:40,914] multiqc                                            [DEBUG  ]  Analysing modules: custom_content, ccs, ngsderive, purple, conpair, lima, peddy, somalier, methylQA, mosdepth, phantompeakqualtools, qualimap, preseq, hifiasm, quast, qorts, rna_seqc, rockhopper, rsem, rseqc, busco, bustools, goleft_indexcov, gffcompare, disambiguate, supernova, deeptools, sargasso, verifybamid, mirtrace, happy, mirtop, sambamba, gopeaks, homer, hops, macs2, theta2, snpeff, gatk, htseq, bcftools, featureCounts, fgbio, dragen, dragen_fastqc, dedup, pbmarkdup, damageprofiler, biobambam2, jcvi, mtnucratio, picard, vep, sentieon, prokka, qc3C, nanostat, samblaster, samtools, sexdeterrmine, eigenstratdatabasetools, bamtools, jellyfish, vcftools, longranger, stacks, varscan2, snippy, umitools, bbmap, bismark, biscuit, diamond, hicexplorer, hicup, hicpro, salmon, kallisto, slamdunk, star, hisat2, tophat, bowtie2, bowtie1, cellranger, snpsplit, odgi, pangolin, nextclade, humid, kat, leehom, adapterRemoval, bbduk, clipandmerge, cutadapt, flexbar, kaiju, kraken, malt, motus, trimmomatic, sickle, skewer, sortmerna, biobloomtools, fastq_screen, afterqc, fastp, fastqc, filtlong, prinseqplusplus, pychopper, porechop, pycoqc, minionqc, anglerfish, multivcfanalyzer, clusterflow, checkqc, bcl2fastq, bclconvert, interop, ivar, flash, seqyclean, optitype, whatshap
[2024-06-28 13:31:40,915] multiqc                                            [DEBUG  ]  Using temporary directory for creating report: /var/folders/_f/3hfwkwps2rq9q60vkv4fnd_n9rf1vk/T/tmpld_kx04y
[2024-06-28 13:31:40,976] multiqc                                            [INFO   ]  Search path : /Users/katherine.silliman/Projects/NOAA/tourmaline-dev/v2-tourmaline/tourmaline/test_mifish_pe_man-samples/trimmed/fastqc_R2
[2024-06-28 13:31:42,294] multiqc                                            [DEBUG  ]  Summary of files that were skipped by the search: [skipped_module_specific_max_filesize: 343] // [skipped_no_match: 29]
[2024-06-28 13:31:42,531] multiqc.plots.bargraph                             [DEBUG  ]  Using matplotlib version 3.7.1
[2024-06-28 13:31:42,531] multiqc.plots.linegraph                            [DEBUG  ]  Using matplotlib version 3.7.1
[2024-06-28 13:31:42,531] multiqc                                            [DEBUG  ]  No samples found: custom_content
[2024-06-28 13:31:42,672] multiqc.modules.fastqc.fastqc                      [INFO   ]  Found 29 reports
[2024-06-28 13:31:48,301] multiqc                                            [INFO   ]  Compressing plot data
[2024-06-28 13:31:48,498] multiqc                                            [INFO   ]  Report      : test_mifish_pe_man-samples/trimmed/fastqc_R2/multiqc_report_R2.html
[2024-06-28 13:31:48,498] multiqc                                            [INFO   ]  Data        : test_mifish_pe_man-samples/trimmed/fastqc_R2/multiqc_report_R2_data
[2024-06-28 13:31:48,498] multiqc                                            [DEBUG  ]  Moving data file from '/var/folders/_f/3hfwkwps2rq9q60vkv4fnd_n9rf1vk/T/tmpld_kx04y/multiqc_data' to 'test_mifish_pe_man-samples/trimmed/fastqc_R2/multiqc_report_R2_data'
[2024-06-28 13:31:48,503] multiqc                                            [INFO   ]  Plots       : test_mifish_pe_man-samples/trimmed/fastqc_R2/multiqc_report_R2_plots
[2024-06-28 13:31:48,504] multiqc                                            [DEBUG  ]  Moving plots directory from '/var/folders/_f/3hfwkwps2rq9q60vkv4fnd_n9rf1vk/T/tmpld_kx04y/multiqc_plots' to 'test_mifish_pe_man-samples/trimmed/fastqc_R2/multiqc_report_R2_plots'
[2024-06-28 13:31:48,577] multiqc                                            [INFO   ]  MultiQC complete
